1560416064432	mozrunner::runner	INFO	Running command: "/usr/bin/firefox" "-marionette" "-foreground" "-no-remote" "-profile" "/tmp/rust_mozprofile.QIIw4vakWZLx"
1560416065420	addons.webextension.screenshots@mozilla.org	WARN	Loading extension 'screenshots@mozilla.org': Reading manifest: Invalid extension permission: mozillaAddons
1560416065420	addons.webextension.screenshots@mozilla.org	WARN	Loading extension 'screenshots@mozilla.org': Reading manifest: Invalid extension permission: resource://pdf.js/
1560416065420	addons.webextension.screenshots@mozilla.org	WARN	Loading extension 'screenshots@mozilla.org': Reading manifest: Invalid extension permission: about:reader*
1560416068971	Marionette	INFO	Listening on port 33987
1560416069079	Marionette	WARN	TLS certificate errors will be ignored for this session
1560416077112	Marionette	INFO	Stopped listening on port 33987
1560416154512	mozrunner::runner	INFO	Running command: "/usr/bin/firefox" "-marionette" "-foreground" "-no-remote" "-profile" "/tmp/rust_mozprofile.M14LFHq1HT5I"
1560416154872	addons.webextension.screenshots@mozilla.org	WARN	Loading extension 'screenshots@mozilla.org': Reading manifest: Invalid extension permission: mozillaAddons
1560416154873	addons.webextension.screenshots@mozilla.org	WARN	Loading extension 'screenshots@mozilla.org': Reading manifest: Invalid extension permission: resource://pdf.js/
1560416154873	addons.webextension.screenshots@mozilla.org	WARN	Loading extension 'screenshots@mozilla.org': Reading manifest: Invalid extension permission: about:reader*
1560416158475	Marionette	INFO	Listening on port 34887
1560416158528	Marionette	WARN	TLS certificate errors will be ignored for this session
1560416175015	Marionette	INFO	Stopped listening on port 34887
1560417424263	mozrunner::runner	INFO	Running command: "/usr/bin/firefox" "-marionette" "-foreground" "-no-remote" "-profile" "/tmp/rust_mozprofile.tcEfUCwpwd4G"
1560417424606	addons.webextension.screenshots@mozilla.org	WARN	Loading extension 'screenshots@mozilla.org': Reading manifest: Invalid extension permission: mozillaAddons
1560417424606	addons.webextension.screenshots@mozilla.org	WARN	Loading extension 'screenshots@mozilla.org': Reading manifest: Invalid extension permission: resource://pdf.js/
1560417424607	addons.webextension.screenshots@mozilla.org	WARN	Loading extension 'screenshots@mozilla.org': Reading manifest: Invalid extension permission: about:reader*
1560417428091	Marionette	INFO	Listening on port 42959
1560417428180	Marionette	WARN	TLS certificate errors will be ignored for this session
1560417442679	Marionette	INFO	Stopped listening on port 42959
[Parent 17908, Gecko_IOThread] WARNING: pipe error (78): Connection reset by peer: file /build/firefox-gHMaBx/firefox-67.0.1+build1/ipc/chromium/src/chrome/common/ipc_channel_posix.cc, line 357
1560417499042	mozrunner::runner	INFO	Running command: "/usr/bin/firefox" "-marionette" "-foreground" "-no-remote" "-profile" "/tmp/rust_mozprofile.5OzhIPPuSkyH"
1560417499386	addons.webextension.screenshots@mozilla.org	WARN	Loading extension 'screenshots@mozilla.org': Reading manifest: Invalid extension permission: mozillaAddons
1560417499387	addons.webextension.screenshots@mozilla.org	WARN	Loading extension 'screenshots@mozilla.org': Reading manifest: Invalid extension permission: resource://pdf.js/
1560417499387	addons.webextension.screenshots@mozilla.org	WARN	Loading extension 'screenshots@mozilla.org': Reading manifest: Invalid extension permission: about:reader*
1560417502393	Marionette	INFO	Listening on port 37389
1560417502462	Marionette	WARN	TLS certificate errors will be ignored for this session
1560417516798	Marionette	INFO	Stopped listening on port 37389
[Parent 18194, Gecko_IOThread] WARNING: pipe error (78): Connection reset by peer: file /build/firefox-gHMaBx/firefox-67.0.1+build1/ipc/chromium/src/chrome/common/ipc_channel_posix.cc, line 357
1560417542986	mozrunner::runner	INFO	Running command: "/usr/bin/firefox" "-marionette" "-foreground" "-no-remote" "-profile" "/tmp/rust_mozprofile.MUmOm4z6aZgb"
1560417543364	addons.webextension.screenshots@mozilla.org	WARN	Loading extension 'screenshots@mozilla.org': Reading manifest: Invalid extension permission: mozillaAddons
1560417543365	addons.webextension.screenshots@mozilla.org	WARN	Loading extension 'screenshots@mozilla.org': Reading manifest: Invalid extension permission: resource://pdf.js/
1560417543365	addons.webextension.screenshots@mozilla.org	WARN	Loading extension 'screenshots@mozilla.org': Reading manifest: Invalid extension permission: about:reader*
1560417546467	Marionette	INFO	Listening on port 46373
1560417546507	Marionette	WARN	TLS certificate errors will be ignored for this session
IPDL protocol error: Handler returned error code!

###!!! [Parent][DispatchAsyncMessage] Error: PLayerTransaction::Msg_ReleaseLayer Processing error: message was deserialized, but the handler returned false (indicating failure)

IPDL protocol error: Handler returned error code!

###!!! [Parent][DispatchAsyncMessage] Error: PLayerTransaction::Msg_ReleaseLayer Processing error: message was deserialized, but the handler returned false (indicating failure)

[Parent 18473, Gecko_IOThread] WARNING: pipe error (79): Connection reset by peer: file /build/firefox-gHMaBx/firefox-67.0.1+build1/ipc/chromium/src/chrome/common/ipc_channel_posix.cc, line 357
[Parent 18473, Gecko_IOThread] WARNING: pipe error (78): Connection reset by peer: file /build/firefox-gHMaBx/firefox-67.0.1+build1/ipc/chromium/src/chrome/common/ipc_channel_posix.cc, line 357
1560417571691	Marionette	INFO	Stopped listening on port 46373
1560417576877	mozrunner::runner	INFO	Running command: "/usr/bin/firefox" "-marionette" "-foreground" "-no-remote" "-profile" "/tmp/rust_mozprofile.4q5OuwiLAiUn"
1560417577224	addons.webextension.screenshots@mozilla.org	WARN	Loading extension 'screenshots@mozilla.org': Reading manifest: Invalid extension permission: mozillaAddons
1560417577224	addons.webextension.screenshots@mozilla.org	WARN	Loading extension 'screenshots@mozilla.org': Reading manifest: Invalid extension permission: resource://pdf.js/
1560417577224	addons.webextension.screenshots@mozilla.org	WARN	Loading extension 'screenshots@mozilla.org': Reading manifest: Invalid extension permission: about:reader*
1560417581031	Marionette	INFO	Listening on port 35103
1560417581095	Marionette	WARN	TLS certificate errors will be ignored for this session
1560417596191	Marionette	INFO	Stopped listening on port 35103
[Parent 18762, Gecko_IOThread] WARNING: pipe error (78): Connection reset by peer: file /build/firefox-gHMaBx/firefox-67.0.1+build1/ipc/chromium/src/chrome/common/ipc_channel_posix.cc, line 357
1560417914897	mozrunner::runner	INFO	Running command: "/usr/bin/firefox" "-marionette" "-foreground" "-no-remote" "-profile" "/tmp/rust_mozprofile.BZiRRlhrPWbn"
1560417915247	addons.webextension.screenshots@mozilla.org	WARN	Loading extension 'screenshots@mozilla.org': Reading manifest: Invalid extension permission: mozillaAddons
1560417915247	addons.webextension.screenshots@mozilla.org	WARN	Loading extension 'screenshots@mozilla.org': Reading manifest: Invalid extension permission: resource://pdf.js/
1560417915248	addons.webextension.screenshots@mozilla.org	WARN	Loading extension 'screenshots@mozilla.org': Reading manifest: Invalid extension permission: about:reader*
1560417918170	Marionette	INFO	Listening on port 40813
1560417918209	Marionette	WARN	TLS certificate errors will be ignored for this session
1560417933996	Marionette	INFO	Stopped listening on port 40813
IPDL protocol error: Handler returned error code!

###!!! [Parent][DispatchAsyncMessage] Error: PLayerTransaction::Msg_ReleaseLayer Processing error: message was deserialized, but the handler returned false (indicating failure)

IPDL protocol error: Handler returned error code!

###!!! [Parent][DispatchAsyncMessage] Error: PLayerTransaction::Msg_ReleaseLayer Processing error: message was deserialized, but the handler returned false (indicating failure)

[Parent 19080, Gecko_IOThread] WARNING: pipe error (78): Connection reset by peer: file /build/firefox-gHMaBx/firefox-67.0.1+build1/ipc/chromium/src/chrome/common/ipc_channel_posix.cc, line 357
1560418686365	mozrunner::runner	INFO	Running command: "/usr/bin/firefox" "-marionette" "-foreground" "-no-remote" "-profile" "/tmp/rust_mozprofile.4V8hTZpgh1Y7"
1560418686718	addons.webextension.screenshots@mozilla.org	WARN	Loading extension 'screenshots@mozilla.org': Reading manifest: Invalid extension permission: mozillaAddons
1560418686719	addons.webextension.screenshots@mozilla.org	WARN	Loading extension 'screenshots@mozilla.org': Reading manifest: Invalid extension permission: resource://pdf.js/
1560418686719	addons.webextension.screenshots@mozilla.org	WARN	Loading extension 'screenshots@mozilla.org': Reading manifest: Invalid extension permission: about:reader*
1560418691685	Marionette	INFO	Listening on port 46833
1560418691790	Marionette	WARN	TLS certificate errors will be ignored for this session
console.error: BroadcastService: 
  receivedBroadcastMessage: handler for
  remote-settings/monitor_changes
  threw error:
  Message: Error: Polling for changes failed: http://%(server)s/dummy/blocklist//buckets/monitor/collections/changes/records?_expected=%221560382670851%22 is not a valid URL..
  Stack:
    remoteSettingsFunction/remoteSettings.pollChanges@resource://services-settings/remote-settings.js:203:13


###!!! [Child][MessageChannel] Error: (msgtype=0x3600BA,name=PContent::Msg_ScriptError) Channel closing: too late to send/recv, messages will be lost


###!!! [Child][MessageChannel] Error: (msgtype=0xA90006,name=PWebSocket::Msg_DeleteSelf) Channel closing: too late to send/recv, messages will be lost

[Parent 19572, Gecko_IOThread] WARNING: pipe error (79): Connection reset by peer: file /build/firefox-gHMaBx/firefox-67.0.1+build1/ipc/chromium/src/chrome/common/ipc_channel_posix.cc, line 357
[Parent 19572, Gecko_IOThread] WARNING: pipe error (78): Connection reset by peer: file /build/firefox-gHMaBx/firefox-67.0.1+build1/ipc/chromium/src/chrome/common/ipc_channel_posix.cc, line 357
1560418728019	Marionette	INFO	Stopped listening on port 46833
1560418744909	mozrunner::runner	INFO	Running command: "/usr/bin/firefox" "-marionette" "-foreground" "-no-remote" "-profile" "/tmp/rust_mozprofile.T6CxnJkhcaLQ"
1560418745265	addons.webextension.screenshots@mozilla.org	WARN	Loading extension 'screenshots@mozilla.org': Reading manifest: Invalid extension permission: mozillaAddons
1560418745265	addons.webextension.screenshots@mozilla.org	WARN	Loading extension 'screenshots@mozilla.org': Reading manifest: Invalid extension permission: resource://pdf.js/
1560418745265	addons.webextension.screenshots@mozilla.org	WARN	Loading extension 'screenshots@mozilla.org': Reading manifest: Invalid extension permission: about:reader*
1560418748580	Marionette	INFO	Listening on port 35813
1560418748626	Marionette	WARN	TLS certificate errors will be ignored for this session
console.warn: "Error while detaching the thread front: 'detach' request packet to 'server1.conn0.child1/context19' can't be sent as the connection is closed."
[Parent 19837, Gecko_IOThread] WARNING: pipe error (81): Connection reset by peer: file /build/firefox-gHMaBx/firefox-67.0.1+build1/ipc/chromium/src/chrome/common/ipc_channel_posix.cc, line 357
[Parent 19837, Gecko_IOThread] WARNING: pipe error (78): Connection reset by peer: file /build/firefox-gHMaBx/firefox-67.0.1+build1/ipc/chromium/src/chrome/common/ipc_channel_posix.cc, line 357
1560418883794	Marionette	INFO	Stopped listening on port 35813
1560418886617	mozrunner::runner	INFO	Running command: "/usr/bin/firefox" "-marionette" "-foreground" "-no-remote" "-profile" "/tmp/rust_mozprofile.OrWeSf5sJaRw"
1560418886994	addons.webextension.screenshots@mozilla.org	WARN	Loading extension 'screenshots@mozilla.org': Reading manifest: Invalid extension permission: mozillaAddons
1560418886994	addons.webextension.screenshots@mozilla.org	WARN	Loading extension 'screenshots@mozilla.org': Reading manifest: Invalid extension permission: resource://pdf.js/
1560418886994	addons.webextension.screenshots@mozilla.org	WARN	Loading extension 'screenshots@mozilla.org': Reading manifest: Invalid extension permission: about:reader*
1560418890451	Marionette	INFO	Listening on port 37741
1560418890530	Marionette	WARN	TLS certificate errors will be ignored for this session
1560419164369	mozrunner::runner	INFO	Running command: "/usr/bin/firefox" "-marionette" "-foreground" "-no-remote" "-profile" "/tmp/rust_mozprofile.tZOYESUBwDyI"
1560419164726	addons.webextension.screenshots@mozilla.org	WARN	Loading extension 'screenshots@mozilla.org': Reading manifest: Invalid extension permission: mozillaAddons
1560419164726	addons.webextension.screenshots@mozilla.org	WARN	Loading extension 'screenshots@mozilla.org': Reading manifest: Invalid extension permission: resource://pdf.js/
1560419164726	addons.webextension.screenshots@mozilla.org	WARN	Loading extension 'screenshots@mozilla.org': Reading manifest: Invalid extension permission: about:reader*
1560419167702	Marionette	INFO	Listening on port 44457
1560419167782	Marionette	WARN	TLS certificate errors will be ignored for this session
console.error: BroadcastService: 
  receivedBroadcastMessage: handler for
  remote-settings/monitor_changes
  threw error:
  Message: Error: Polling for changes failed: http://%(server)s/dummy/blocklist//buckets/monitor/collections/changes/records?_expected=%221560382670851%22 is not a valid URL..
  Stack:
    remoteSettingsFunction/remoteSettings.pollChanges@resource://services-settings/remote-settings.js:203:13

1560419186049	Marionette	INFO	Stopped listening on port 44457
[Parent 20558, Gecko_IOThread] WARNING: pipe error (78): Connection reset by peer: file /build/firefox-gHMaBx/firefox-67.0.1+build1/ipc/chromium/src/chrome/common/ipc_channel_posix.cc, line 357
[Parent 20558, Gecko_IOThread] WARNING: pipe error (79): Connection reset by peer: file /build/firefox-gHMaBx/firefox-67.0.1+build1/ipc/chromium/src/chrome/common/ipc_channel_posix.cc, line 357
console.error: "TypeError: currentNode is null: canMutationImpactCurrentStyles@resource://devtools/client/inspector/shared/style-change-tracker.js:64:20\nonMutations@resource://devtools/client/inspector/shared/style-change-tracker.js:82:11\nemit@resource://devtools/shared/event-emitter.js:186:24\nemit@resource://devtools/shared/event-emitter.js:267:18\ngetMutations/<@resource://devtools/shared/fronts/inspector.js:402:12\n"
TypeError: currentNode is null: canMutationImpactCurrentStyles@resource://devtools/client/inspector/shared/style-change-tracker.js:64:20
onMutations@resource://devtools/client/inspector/shared/style-change-tracker.js:82:11
emit@resource://devtools/shared/event-emitter.js:186:24
emit@resource://devtools/shared/event-emitter.js:267:18
getMutations/<@resource://devtools/shared/fronts/inspector.js:402:12

1560419284968	mozrunner::runner	INFO	Running command: "/usr/bin/firefox" "-marionette" "-foreground" "-no-remote" "-profile" "/tmp/rust_mozprofile.X0UcxaUQiQp8"
1560419285312	addons.webextension.screenshots@mozilla.org	WARN	Loading extension 'screenshots@mozilla.org': Reading manifest: Invalid extension permission: mozillaAddons
1560419285312	addons.webextension.screenshots@mozilla.org	WARN	Loading extension 'screenshots@mozilla.org': Reading manifest: Invalid extension permission: resource://pdf.js/
1560419285312	addons.webextension.screenshots@mozilla.org	WARN	Loading extension 'screenshots@mozilla.org': Reading manifest: Invalid extension permission: about:reader*
1560419288736	Marionette	INFO	Listening on port 35515
1560419288778	Marionette	WARN	TLS certificate errors will be ignored for this session
console.warn: "Error while detaching the thread front: 'detach' request packet to 'server1.conn0.child1/context19' can't be sent as the connection is closed."
1560419348071	Marionette	INFO	Stopped listening on port 35515
console.warn: "Error while detaching the thread front: 'detach' request packet to 'server1.conn0.child1/context19' can't be sent as the connection is closed."
[Parent 20201, Gecko_IOThread] WARNING: pipe error (84): Connection reset by peer: file /build/firefox-gHMaBx/firefox-67.0.1+build1/ipc/chromium/src/chrome/common/ipc_channel_posix.cc, line 357
[Parent 20201, Gecko_IOThread] WARNING: pipe error (78): Connection reset by peer: file /build/firefox-gHMaBx/firefox-67.0.1+build1/ipc/chromium/src/chrome/common/ipc_channel_posix.cc, line 357
1560419350404	Marionette	INFO	Stopped listening on port 37741
1560420843933	mozrunner::runner	INFO	Running command: "/usr/bin/firefox" "-marionette" "-foreground" "-no-remote" "-profile" "/tmp/rust_mozprofile.MyXRnv74ojPc"
1560420844307	addons.webextension.screenshots@mozilla.org	WARN	Loading extension 'screenshots@mozilla.org': Reading manifest: Invalid extension permission: mozillaAddons
1560420844307	addons.webextension.screenshots@mozilla.org	WARN	Loading extension 'screenshots@mozilla.org': Reading manifest: Invalid extension permission: resource://pdf.js/
1560420844307	addons.webextension.screenshots@mozilla.org	WARN	Loading extension 'screenshots@mozilla.org': Reading manifest: Invalid extension permission: about:reader*
1560420847360	Marionette	INFO	Listening on port 42185
1560420847447	Marionette	WARN	TLS certificate errors will be ignored for this session
1560420866352	Marionette	INFO	Stopped listening on port 42185
[Parent 21751, Gecko_IOThread] WARNING: pipe error (78): Connection reset by peer: file /build/firefox-gHMaBx/firefox-67.0.1+build1/ipc/chromium/src/chrome/common/ipc_channel_posix.cc, line 357
